[LOG] System::create                           : Header version = 2.02.04. Current version = 2.02.04.
[LOG] Manager::init                            : maxchannels = 256 studioflags = 00000006 flags 00000000 extradriverdata 0000000000000000.
[LOG] SystemI::init                            : Initialize version=20204 (121702), maxchannels=256, flags=0x00020000
[LOG] SystemI::setOutputInternal               : Setting output to 'FMOD WASAPI Output'
[LOG] OutputWASAPI::init                       : Mix Format (WAVEFORMATEX): wFormatTag=0xFFFE, nChannels=2, nSamplesPerSec=48000, nAvgBytesPerSec=384000, nBlockAlign=8, wBitsPerSample=32, cbSize=22.
[LOG] OutputWASAPI::init                       : Mix Format (WAVEFORMATEXTENSIBLE): wValidBitsPerSample=32, dwChannelMask=0x00000003, SubFormat=00000003-0000-0010-8000-00AA00389B71.
[LOG] OutputWASAPI::init                       : Output buffer size: 4096 samples, latency: 0.00ms, period: 10.00ms, DSP buffer: 1024 * 4
[LOG] Thread::initThread                       : Init FMOD stream thread. Affinity: 0x4000000000000003, Priority: 0xFFFF7FFB, Stack Size: 98304, Semaphore: No, Sleep Time: 10, Looping: Yes.
[LOG] Thread::initThread                       : Init FMOD mixer thread. Affinity: 0x4000000000000001, Priority: 0xFFFF7FFA, Stack Size: 81920, Semaphore: No, Sleep Time: 0, Looping: Yes.
[LOG] AsyncManager::init                       : manager 0000023655812A88 isAsync 0 updatePeriod 0.02
[LOG] AsyncManager::init                       : done
[LOG] PlaybackSystem::init                     : 
[LOG] Thread::initThread                       : Init FMOD Studio sample load thread. Affinity: 0x4000000000000003, Priority: 0xFFFF7FFD, Stack Size: 98304, Semaphore: No, Sleep Time: 1, Looping: No.
[LOG] PlaybackSystem::init                     : done
[LOG] Thread::initThread                       : Init FMOD Studio bank load thread. Affinity: 0x4000000000000003, Priority: 0xFFFF7FFD, Stack Size: 98304, Semaphore: No, Sleep Time: 1, Looping: No.
[LOG] Manager::init                            : done.
[LOG] Manager::readBank                        : fileversion = 135, compatVersion = 132 (oldest = 44, newest = 141)
[LOG] Manager::readBank                        : fileversion = 135, compatVersion = 132 (oldest = 44, newest = 141)
[LOG] Manager::readBank                        : fileversion = 135, compatVersion = 132 (oldest = 44, newest = 141)
[LOG] Manager::readBank                        : fileversion = 135, compatVersion = 132 (oldest = 44, newest = 141)
[LOG] PlaybackSystem::acquireMasterBus         : Setting master channel group format to 6
[LOG] AsyncThread::threadFunc                  : Starting Asynchronous operation on sound 00000235E4617158
[LOG] AsyncThread::threadFunc                  : Finished Asynchronous operation on sound 00000235E4617158
[LOG] AsyncThread::threadFunc                  : Starting Asynchronous operation on sound 00000235E4618598
[LOG] AsyncThread::threadFunc                  : Finished Asynchronous operation on sound 00000235E4618598
[LOG] SystemI::createSoundInternal             : Create name='', mode=0x02000202
[LOG] SystemI::createSoundInternal             : exinfo->cbsize             = 224
[LOG] SystemI::createSoundInternal             : exinfo->length             = 22439744
[LOG] SystemI::createSoundInternal             : exinfo->fileoffset         = 109888
[LOG] SystemI::createSoundInternal             : exinfo->numsubsounds       = 1
[LOG] SystemI::createSoundInternal             : exinfo->inclusionlist      = 000000C9A8FAEFB8
[LOG] SystemI::createSoundInternal             : exinfo->inclusionlistnum   = 1
[LOG] SystemI::createSoundInternal             : exinfo->suggestedsoundtype = 5
[LOG] SystemI::createSoundInternal             : exinfo->useropen           = 00007FF834B80AD0
[LOG] SystemI::createSoundInternal             : exinfo->userclose          = 00007FF834B80AA0
[LOG] SystemI::createSoundInternal             : exinfo->userread           = 00007FF834B80BA0
[LOG] SystemI::createSoundInternal             : exinfo->userseek           = 00007FF834B80C60
[LOG] SystemI::createSoundInternal             : exinfo->fileuserdata       = 00000234A762AAD8
[LOG] SystemI::createSoundInternal             : exinfo->initialseekpostype = 1
[LOG] SystemI::DSPCodecPoolRegister            : register codec pool for pool type 5
[LOG] SystemI::createSoundInternal             : Sample 0/1: name='rollover1', format=5, channels=2, frequency=48000, lengthbytes=3168, lengthpcm=10909, pcmblocksize=0, loopstart=0, loopend=0, mode=0x00000000, channelmask=0x00000000, channelorder=0, peakvolume=0.087921.
[LOG] SystemI::createSoundInternal             : Create name='', mode=0x02000202
[LOG] SystemI::createSoundInternal             : exinfo->cbsize             = 224
[LOG] SystemI::createSoundInternal             : exinfo->length             = 22439744
[LOG] SystemI::createSoundInternal             : exinfo->fileoffset         = 109888
[LOG] SystemI::createSoundInternal             : exinfo->numsubsounds       = 1
[LOG] SystemI::createSoundInternal             : exinfo->inclusionlist      = 000000C9A8FAEFB8
[LOG] SystemI::createSoundInternal             : exinfo->inclusionlistnum   = 1
[LOG] SystemI::createSoundInternal             : exinfo->suggestedsoundtype = 5
[LOG] SystemI::createSoundInternal             : exinfo->useropen           = 00007FF834B80AD0
[LOG] SystemI::createSoundInternal             : exinfo->userclose          = 00007FF834B80AA0
[LOG] SystemI::createSoundInternal             : exinfo->userread           = 00007FF834B80BA0
[LOG] SystemI::createSoundInternal             : exinfo->userseek           = 00007FF834B80C60
[LOG] SystemI::createSoundInternal             : exinfo->fileuserdata       = 000002343BB05278
[LOG] SystemI::createSoundInternal             : exinfo->initialseekpostype = 1
[LOG] SystemI::DSPCodecPoolRegister            : register codec pool for pool type 5
[LOG] SystemI::createSoundInternal             : Sample 0/1: name='click3', format=5, channels=2, frequency=48000, lengthbytes=1408, lengthpcm=4134, pcmblocksize=0, loopstart=0, loopend=0, mode=0x00000000, channelmask=0x00000000, channelorder=0, peakvolume=0.713501.
[LOG] SystemI::createSound                     : filename = Assets/Audio/Crossing-Sig-Fmod/Build/Desktop/Master.bank : mode 02010082
[LOG] SystemI::createSound                     : FMOD_NONBLOCKING specified.  Putting into queue to be opened asynchronously!
[LOG] SystemI::createSound                     : setdata soundi = 00000234C8767368 : node = 0000023655A6F790
[LOG] SystemI::createSound                     : add node to async list : head = 00000234A7D5D828.  list count = 0
[LOG] SystemI::createSound                     : filename = Assets/Audio/Crossing-Sig-Fmod/Build/Desktop/Master.bank : mode 02010082
[LOG] SystemI::createSound                     : FMOD_NONBLOCKING specified.  Putting into queue to be opened asynchronously!
[LOG] AsyncThread::threadFunc                  : Starting Asynchronous operation on sound 00000234C8767368
[LOG] SystemI::createSound                     : setdata soundi = 00000234C8762778 : node = 0000023655A6C6D0
[LOG] SystemI::createSoundInternal             :     Create name='Assets/Audio/Crossing-Sig-Fmod/Build/Desktop/Master.bank', mode=0x02010082
[LOG] SystemI::createSound                     :     add node to async list : head = 00000234A7D5D828.  list count = 0
[LOG] SystemI::createSoundInternal             :     exinfo->cbsize             = 224
[LOG] SystemI::createSoundInternal             :     exinfo->length             = 22439744
[LOG] SystemI::createSoundInternal             :     exinfo->fileoffset         = 109888
[LOG] SystemI::createSoundInternal             :     exinfo->numsubsounds       = 1
[LOG] SystemI::createSoundInternal             :     exinfo->inclusionlist      = 0000023655A6F8A0
[LOG] SystemI::createSoundInternal             :     exinfo->inclusionlistnum   = 1
[LOG] SystemI::createSoundInternal             :     exinfo->suggestedsoundtype = 5
[LOG] SystemI::createSoundInternal             :     exinfo->initialseekposition = 5500
[LOG] SystemI::createSoundInternal             :     exinfo->initialseekpostype = 1
[LOG] SystemI::createSoundInternal             :     Stream 0/1: name='477950__duesenbert__overhead-projector-on-run-off-pov', format=5, channels=1, frequency=48000, lengthbytes=689024, lengthpcm=4297783, pcmblocksize=0, loopstart=0, loopend=0, mode=0x00000000, channelmask=0x00000000, channelorder=0, peakvolume=0.151642.
[LOG] AsyncThread::threadFunc                  : Finished Asynchronous operation on sound 00000234C8767368
[LOG] AsyncThread::threadFunc                  : Starting Asynchronous operation on sound 00000234C8762778
[LOG] SystemI::createSoundInternal             :     Create name='Assets/Audio/Crossing-Sig-Fmod/Build/Desktop/Master.bank', mode=0x02010082
[LOG] SystemI::createSoundInternal             :     exinfo->cbsize             = 224
[LOG] SystemI::createSoundInternal             :     exinfo->length             = 22439744
[LOG] SystemI::createSoundInternal             :     exinfo->fileoffset         = 109888
[LOG] SystemI::createSoundInternal             :     exinfo->numsubsounds       = 1
[LOG] SystemI::createSoundInternal             :     exinfo->inclusionlist      = 0000023655A6C7E0
[LOG] SystemI::createSoundInternal             :     exinfo->inclusionlistnum   = 1
[LOG] SystemI::createSoundInternal             :     exinfo->suggestedsoundtype = 5
[LOG] SystemI::createSoundInternal             :     exinfo->initialseekpostype = 1
[LOG] SystemI::createSoundInternal             :     Stream 0/1: name='437343__giddster__fan-heating', format=5, channels=2, frequency=48000, lengthbytes=354880, lengthpcm=1470310, pcmblocksize=0, loopstart=0, loopend=0, mode=0x00000000, channelmask=0x00000000, channelorder=0, peakvolume=0.030992.
[LOG] AsyncThread::threadFunc                  : Finished Asynchronous operation on sound 00000234C8762778
[LOG] SoundI::release                          : 437343__giddster__fan-heating (00000235E46123B8)
[LOG] SoundI::release                          :     437343__giddster__fan-heating (000002343C08FE48)
[LOG] SoundI::release                          :     437343__giddster__fan-heating (00000235E46174B8)
[LOG] SoundI::release                          : 477950__duesenbert__overhead-projector-on-run-off-pov (00000235E4610A68)
[LOG] SoundI::release                          :     477950__duesenbert__overhead-projector-on-run-off-pov (000002343C08D5A8)
[LOG] SoundI::release                          :     477950__duesenbert__overhead-projector-on-run-off-pov (00000235E4617308)
[LOG] SystemI::createSound                     : filename = Assets/Audio/Crossing-Sig-Fmod/Build/Desktop/Master.bank : mode 02010082
[LOG] SystemI::createSound                     : FMOD_NONBLOCKING specified.  Putting into queue to be opened asynchronously!
[LOG] SystemI::createSound                     : setdata soundi = 00000234C8767A28 : node = 0000023655A6F150
[LOG] SystemI::createSound                     : add node to async list : head = 00000234A7D5D828.  list count = 0
[LOG] AsyncThread::threadFunc                  : Starting Asynchronous operation on sound 00000234C8767A28
[LOG] SystemI::createSoundInternal             :     Create name='Assets/Audio/Crossing-Sig-Fmod/Build/Desktop/Master.bank', mode=0x02010082
[LOG] SystemI::createSoundInternal             :     exinfo->cbsize             = 224
[LOG] SystemI::createSoundInternal             :     exinfo->length             = 22439744
[LOG] SystemI::createSoundInternal             :     exinfo->fileoffset         = 109888
[LOG] SystemI::createSoundInternal             :     exinfo->numsubsounds       = 1
[LOG] SystemI::createSoundInternal             :     exinfo->inclusionlist      = 0000023655A6F260
[LOG] SystemI::createSoundInternal             :     exinfo->inclusionlistnum   = 1
[LOG] SystemI::createSoundInternal             :     exinfo->suggestedsoundtype = 5
[LOG] SystemI::createSoundInternal             :     exinfo->initialseekposition = 50
[LOG] SystemI::createSoundInternal             :     exinfo->initialseekpostype = 1
[LOG] SystemI::createSoundInternal             :     Stream 0/1: name='397310__starscade__sfx-cassette-tape-motor_01', format=5, channels=1, frequency=48000, lengthbytes=534272, lengthpcm=2870125, pcmblocksize=0, loopstart=0, loopend=0, mode=0x00000000, channelmask=0x00000000, channelorder=0, peakvolume=0.307404.
[LOG] AsyncThread::threadFunc                  : Finished Asynchronous operation on sound 00000234C8767A28
[LOG] SystemI::createSound                     : filename = Assets/Audio/Crossing-Sig-Fmod/Build/Desktop/Master.bank : mode 02010082
[LOG] SystemI::createSound                     : FMOD_NONBLOCKING specified.  Putting into queue to be opened asynchronously!
[LOG] SystemI::createSound                     : setdata soundi = 00000234C87656B8 : node = 0000023655A6F3D0
[LOG] SystemI::createSound                     : add node to async list : head = 00000234A7D5D828.  list count = 0
[LOG] AsyncThread::threadFunc                  : Starting Asynchronous operation on sound 00000234C87656B8
[LOG] SystemI::createSoundInternal             :     Create name='Assets/Audio/Crossing-Sig-Fmod/Build/Desktop/Master.bank', mode=0x02010082
[LOG] SystemI::createSoundInternal             :     exinfo->cbsize             = 224
[LOG] SystemI::createSoundInternal             :     exinfo->length             = 22439744
[LOG] SystemI::createSoundInternal             :     exinfo->fileoffset         = 109888
[LOG] SystemI::createSoundInternal             :     exinfo->numsubsounds       = 1
[LOG] SystemI::createSoundInternal             :     exinfo->inclusionlist      = 0000023655A6F4E0
[LOG] SystemI::createSoundInternal             :     exinfo->inclusionlistnum   = 1
[LOG] SystemI::createSoundInternal             :     exinfo->suggestedsoundtype = 5
[LOG] SystemI::createSoundInternal             :     exinfo->initialseekpostype = 1
[LOG] SystemI::createSoundInternal             :     Stream 0/1: name='344_audio_antique_clicker_1_clock_ticking_tick_tock_click_rhythm_time_watch_countdown_005', format=5, channels=2, frequency=48000, lengthbytes=131328, lengthpcm=2881152, pcmblocksize=0, loopstart=0, loopend=0, mode=0x00000000, channelmask=0x00000000, channelorder=0, peakvolume=0.920197.
[LOG] AsyncThread::threadFunc                  : Finished Asynchronous operation on sound 00000234C87656B8
[LOG] SoundI::release                          : 397310__starscade__sfx-cassette-tape-motor_01 (00000235E4616C48)
[LOG] SoundI::release                          :     397310__starscade__sfx-cassette-tape-motor_01 (000002343C08F2E8)
[LOG] SoundI::release                          :     397310__starscade__sfx-cassette-tape-motor_01 (00000235E461C0A8)
[LOG] SoundI::release                          : 344_audio_antique_clicker_1_clock_ticking_tick_tock_click_rhythm_time_watch_countdown_005 (00000235E46168E8)
[LOG] SoundI::release                          :     344_audio_antique_clicker_1_clock_ticking_tick_tock_click_rhythm_time_watch_countdown_005 (000002343C08D748)
[LOG] SoundI::release                          :     344_audio_antique_clicker_1_clock_ticking_tick_tock_click_rhythm_time_watch_countdown_005 (00000235E4618598)
[LOG] SystemI::createSound                     : filename = Assets/Audio/Crossing-Sig-Fmod/Build/Desktop/Master.bank : mode 02010082
[LOG] SystemI::createSound                     : FMOD_NONBLOCKING specified.  Putting into queue to be opened asynchronously!
[LOG] SystemI::createSound                     : setdata soundi = 00000234C8764788 : node = 0000023655A70690
[LOG] SystemI::createSound                     : add node to async list : head = 00000234A7D5D828.  list count = 0
[LOG] SystemI::createSound                     : filename = Assets/Audio/Crossing-Sig-Fmod/Build/Desktop/Master.bank : mode 02010082
[LOG] SystemI::createSound                     : FMOD_NONBLOCKING specified.  Putting into queue to be opened asynchronously!
[LOG] SystemI::createSound                     : setdata soundi = 00000234C8766798 : node = 0000023655A6D5D0
[LOG] AsyncThread::threadFunc                  : Starting Asynchronous operation on sound 00000234C8764788
[LOG] SystemI::createSoundInternal             :     Create name='Assets/Audio/Crossing-Sig-Fmod/Build/Desktop/Master.bank', mode=0x02010082
[LOG] SystemI::createSoundInternal             :     exinfo->cbsize             = 224
[LOG] SystemI::createSoundInternal             :     exinfo->length             = 22439744
[LOG] SystemI::createSoundInternal             :     exinfo->fileoffset         = 109888
[LOG] SystemI::createSound                     : add node to async list : head = 00000234A7D5D828.  list count = 0
[LOG] SystemI::createSoundInternal             :     exinfo->numsubsounds       = 1
[LOG] SystemI::createSoundInternal             :     exinfo->inclusionlist      = 0000023655A707A0
[LOG] SystemI::createSoundInternal             :     exinfo->inclusionlistnum   = 1
[LOG] SystemI::createSoundInternal             :     exinfo->suggestedsoundtype = 5
[LOG] SystemI::createSoundInternal             :     exinfo->initialseekposition = 5500
[LOG] SystemI::createSoundInternal             :     exinfo->initialseekpostype = 1
[LOG] SystemI::createSoundInternal             :     Stream 0/1: name='477950__duesenbert__overhead-projector-on-run-off-pov', format=5, channels=1, frequency=48000, lengthbytes=689024, lengthpcm=4297783, pcmblocksize=0, loopstart=0, loopend=0, mode=0x00000000, channelmask=0x00000000, channelorder=0, peakvolume=0.151642.
[LOG] AsyncThread::threadFunc                  : Finished Asynchronous operation on sound 00000234C8764788
[LOG] AsyncThread::threadFunc                  : Starting Asynchronous operation on sound 00000234C8766798
[LOG] SystemI::createSoundInternal             :     Create name='Assets/Audio/Crossing-Sig-Fmod/Build/Desktop/Master.bank', mode=0x02010082
[LOG] SystemI::createSoundInternal             :     exinfo->cbsize             = 224
[LOG] SystemI::createSoundInternal             :     exinfo->length             = 22439744
[LOG] SystemI::createSoundInternal             :     exinfo->fileoffset         = 109888
[LOG] SystemI::createSoundInternal             :     exinfo->numsubsounds       = 1
[LOG] SystemI::createSoundInternal             :     exinfo->inclusionlist      = 0000023655A6D6E0
[LOG] SystemI::createSoundInternal             :     exinfo->inclusionlistnum   = 1
[LOG] SystemI::createSoundInternal             :     exinfo->suggestedsoundtype = 5
[LOG] SystemI::createSoundInternal             :     exinfo->initialseekpostype = 1
[LOG] SystemI::createSoundInternal             :     Stream 0/1: name='437343__giddster__fan-heating', format=5, channels=2, frequency=48000, lengthbytes=354880, lengthpcm=1470310, pcmblocksize=0, loopstart=0, loopend=0, mode=0x00000000, channelmask=0x00000000, channelorder=0, peakvolume=0.030992.
[LOG] AsyncThread::threadFunc                  : Finished Asynchronous operation on sound 00000234C8766798
[LOG] SoundI::release                          : 437343__giddster__fan-heating (00000234C8762778)
[LOG] SoundI::release                          :     437343__giddster__fan-heating (000002343C0916A8)
[LOG] SoundI::release                          :     437343__giddster__fan-heating (00000234C8762C88)
[LOG] SoundI::release                          : 477950__duesenbert__overhead-projector-on-run-off-pov (00000234C8767368)
[LOG] SoundI::release                          :     477950__duesenbert__overhead-projector-on-run-off-pov (000002343C091508)
[LOG] SoundI::release                          :     477950__duesenbert__overhead-projector-on-run-off-pov (00000234C8763F18)
[LOG] SoundI::release                          : gain_walkers_BALCONY_Evening_Traffic_Tram_Distant_Voices (00000235E4619318)
[LOG] SoundI::release                          :     gain_walkers_BALCONY_Evening_Traffic_Tram_Distant_Voices (000002343C08FFE8)
[LOG] SoundI::release                          :     gain_walkers_BALCONY_Evening_Traffic_Tram_Distant_Voices (00000235E4617668)
[LOG] SoundI::release                          : 437343__giddster__fan-heating (00000234C8766798)
[LOG] SoundI::release                          :     437343__giddster__fan-heating (000002343C0904C8)
[LOG] SoundI::release                          :     437343__giddster__fan-heating (00000234C8767518)
[LOG] SoundI::release                          : 477950__duesenbert__overhead-projector-on-run-off-pov (00000234C8764788)
[LOG] SoundI::release                          :     477950__duesenbert__overhead-projector-on-run-off-pov (000002343C08CA48)
[LOG] SoundI::release                          :     477950__duesenbert__overhead-projector-on-run-off-pov (00000234C8766948)
[LOG] SoundI::release                          : 397310__starscade__sfx-cassette-tape-motor_01 (00000234C8767A28)
[LOG] SoundI::release                          :     397310__starscade__sfx-cassette-tape-motor_01 (000002343C08D5A8)
[LOG] SoundI::release                          :     397310__starscade__sfx-cassette-tape-motor_01 (00000234C8764AE8)
[LOG] SoundI::release                          : tspt_boiler_room_ambience_loop_010 (00000235E461AAB8)
[LOG] SoundI::release                          :     tspt_boiler_room_ambience_loop_010 (000002343C08D8E8)
[LOG] SoundI::release                          :     tspt_boiler_room_ambience_loop_010 (00000235E4618238)
[LOG] SoundI::release                          : tspt_boiler_room_ambience_loop_010 (00000235E4612208)
[LOG] SoundI::release                          :     tspt_boiler_room_ambience_loop_010 (000002343C090B48)
[LOG] SoundI::release                          :     tspt_boiler_room_ambience_loop_010 (00000235E4617158)
[LOG] SoundI::release                          : 344_audio_antique_clicker_1_clock_ticking_tick_tock_click_rhythm_time_watch_countdown_005 (00000234C87656B8)
[LOG] SoundI::release                          :     344_audio_antique_clicker_1_clock_ticking_tick_tock_click_rhythm_time_watch_countdown_005 (000002343C08FB08)
[LOG] SoundI::release                          :     344_audio_antique_clicker_1_clock_ticking_tick_tock_click_rhythm_time_watch_countdown_005 (00000234C8763198)
[LOG] SoundI::release                          :  (00000235E4716F68)
[LOG] SoundI::release                          :     click3 (000002343C091B88)
[LOG] SoundI::release                          :  (00000235E471AEA8)
[LOG] SoundI::release                          :     rollover1 (000002343C08CBE8)
[LOG] Thread::callback                         : FMOD Studio update thread finished.
[LOG] Thread::callback                         : FMOD Studio bank load thread finished.
[LOG] Profile::disconnectAll                   : Profiler disconnecting all clients
[LOG] Thread::callback                         : FMOD Studio sample load thread finished.
[LOG] LiveUpdate::release                      : 
[LOG] LiveUpdate::reset                        : Reset connection (reason Disconnected)
[LOG] Thread::callback                         : FMOD stream thread finished.
[LOG] Thread::callback                         : FMOD mixer thread finished.
[LOG] Profile::disconnectAll                   : Profiler disconnecting all clients
[LOG] SystemI::close                           : Closed.
[LOG] Thread::callback                         : FMOD Studio bank load thread finished.
[LOG] Thread::callback                         : FMOD Studio sample load thread finished.
[LOG] LiveUpdate::release                      : 
[LOG] LiveUpdate::reset                        : Reset connection (reason Disconnected)
[LOG] Thread::callback                         : FMOD stream thread finished.
[LOG] Thread::callback                         : FMOD mixer thread finished.
[LOG] SystemI::close                           : Closed.
[LOG] Thread::callback                         : FMOD nonblocking thread (0) finished.
[LOG] Thread::callback                         : FMOD file thread finished.
